<?xml version="1.0" encoding="UTF-8"?>
<!-- Generated by org.testng.reporters.JUnitReportReporter -->
<testsuite skipped="0" hostname="DESKTOP-7R7QSH2" name="testNgPractice.Sample1" tests="1" failures="0" timestamp="2022-10-19T22:48:26 IST" time="0.014" errors="0">
  <testcase name="smokeTC1" time="0.014" classname="testNgPractice.Sample1"/>
  <system-out/>
</testsuite> <!-- testNgPractice.Sample1 -->
