<?xml version="1.0" encoding="UTF-8"?>
<!-- Generated by org.testng.reporters.JUnitReportReporter -->
<testsuite skipped="0" hostname="DESKTOP-7R7QSH2" name="testNgPractice.Ex_param1" tests="5" failures="0" timestamp="2022-10-19T23:07:20 IST" time="0.022" errors="0">
  <testcase name="param1" time="0.002" classname="testNgPractice.Ex_param1"/>
  <system-out/>
  <testcase name="param1" time="0.002" classname="testNgPractice.Ex_param1"/>
  <system-out/>
  <testcase name="param1" time="0.003" classname="testNgPractice.Ex_param1"/>
  <system-out/>
  <testcase name="param1" time="0.003" classname="testNgPractice.Ex_param1"/>
  <system-out/>
  <testcase name="param1" time="0.012" classname="testNgPractice.Ex_param1"/>
  <system-out/>
</testsuite> <!-- testNgPractice.Ex_param1 -->
