<?xml version="1.0" encoding="UTF-8"?>
<!-- Generated by org.testng.reporters.JUnitReportReporter -->
<testsuite skipped="0" hostname="DESKTOP-7R7QSH2" name="testNgPractice.Example7" tests="1" failures="0" timestamp="2022-10-18T21:57:04 IST" time="28.119" errors="0">
  <testcase name="loginLogoutInActitimeApplication" time="28.119" classname="testNgPractice.Example7"/>
  <system-out/>
</testsuite> <!-- testNgPractice.Example7 -->
