<?xml version="1.0" encoding="UTF-8"?>
<!-- Generated by org.testng.reporters.JUnitReportReporter -->
<testsuite skipped="0" hostname="DESKTOP-7R7QSH2" name="testNgPractice.Example6" tests="2" failures="0" timestamp="2022-10-18T21:38:49 IST" time="0.014" errors="0">
  <testcase name="testCase8" time="0.002" classname="testNgPractice.Example6"/>
  <system-out/>
  <testcase name="testCase7" time="0.012" classname="testNgPractice.Example6"/>
  <system-out/>
</testsuite> <!-- testNgPractice.Example6 -->
