<?xml version="1.0" encoding="UTF-8"?>
<!-- Generated by org.testng.reporters.JUnitReportReporter -->
<testsuite skipped="0" hostname="DESKTOP-7R7QSH2" name="testNgPractice.Example3" tests="1" failures="0" timestamp="2022-10-18T21:13:44 IST" time="2.020" errors="0">
  <testcase name="testCase3" time="2.020" classname="testNgPractice.Example3"/>
  <system-out/>
</testsuite> <!-- testNgPractice.Example3 -->
