<?xml version="1.0" encoding="UTF-8"?>
<!-- Generated by org.testng.reporters.JUnitReportReporter -->
<testsuite skipped="0" hostname="DESKTOP-7R7QSH2" name="testNgPractice.Ex_param2" tests="3" failures="0" timestamp="2022-10-19T23:13:04 IST" time="0.014" errors="0">
  <testcase name="login" time="0.010" classname="testNgPractice.Ex_param2"/>
  <system-out/>
  <testcase name="sendEmail" time="0.002" classname="testNgPractice.Ex_param2"/>
  <system-out/>
  <testcase name="logout" time="0.002" classname="testNgPractice.Ex_param2"/>
  <system-out/>
</testsuite> <!-- testNgPractice.Ex_param2 -->
