<?xml version="1.0" encoding="UTF-8"?>
<!-- Generated by org.testng.reporters.JUnitReportReporter -->
<testsuite skipped="0" hostname="DESKTOP-7R7QSH2" name="testNgPractice.Example4" tests="2" failures="0" timestamp="2022-10-18T21:17:17 IST" time="0.015" errors="0">
  <testcase name="testCase41" time="0.005" classname="testNgPractice.Example4"/>
  <system-out/>
  <testcase name="testCase4" time="0.010" classname="testNgPractice.Example4"/>
  <system-out/>
</testsuite> <!-- testNgPractice.Example4 -->
