<?xml version="1.0" encoding="UTF-8"?>
<!-- Generated by org.testng.reporters.JUnitReportReporter -->
<testsuite skipped="0" hostname="DESKTOP-7R7QSH2" name="testNgPractice.Example5" tests="2" failures="0" timestamp="2022-10-18T21:35:31 IST" time="0.013" errors="0">
  <testcase name="testCase6" time="0.001" classname="testNgPractice.Example5"/>
  <system-out/>
  <testcase name="testCase5" time="0.012" classname="testNgPractice.Example5"/>
  <system-out/>
</testsuite> <!-- testNgPractice.Example5 -->
