<?xml version="1.0" encoding="UTF-8"?>
<!-- Generated by org.testng.reporters.JUnitReportReporter -->
<testsuite skipped="0" hostname="DESKTOP-7R7QSH2" name="testNgPractice.Example8" tests="1" failures="0" timestamp="2022-10-18T22:05:21 IST" time="21.055" errors="0">
  <testcase name="loginLogoutInActitimeApplication" time="21.055" classname="testNgPractice.Example8"/>
  <system-out/>
</testsuite> <!-- testNgPractice.Example8 -->
