<?xml version="1.0" encoding="UTF-8"?>
<!-- Generated by org.testng.reporters.JUnitReportReporter -->
<testsuite skipped="0" hostname="DESKTOP-7R7QSH2" name="testNgPractice.Sample2" tests="1" failures="0" timestamp="2022-10-18T20:56:46 IST" time="0.010" errors="0">
  <testcase name="regressionTC1" time="0.010" classname="testNgPractice.Sample2"/>
  <system-out/>
</testsuite> <!-- testNgPractice.Sample2 -->
